<?xml version="1.0" encoding="UTF-8"?>
<!-- Generated by org.testng.reporters.JUnitReportReporter -->
<testsuite name="org.testing.TestScripts.TC5_DeletRequest" tests="1" time="0.016" ignored="0" failures="0" timestamp="22 Apr 2024 14:56:54 GMT" skipped="0" hostname="DESKTOP-AVN6NAM" errors="0">
  <testcase name="TC5" time="0.016" classname="org.testing.TestScripts.TC5_DeletRequest"/>
</testsuite> <!-- org.testing.TestScripts.TC5_DeletRequest -->
