<?xml version="1.0" encoding="UTF-8"?>
<!-- Generated by org.testng.reporters.JUnitReportReporter -->
<testsuite name="org.testing.TestScripts.TC7_GetAllReqOnline" tests="1" time="0.181" ignored="0" failures="0" timestamp="22 Apr 2024 14:56:54 GMT" skipped="0" hostname="DESKTOP-AVN6NAM" errors="0">
  <testcase name="TC7" time="0.181" classname="org.testing.TestScripts.TC7_GetAllReqOnline"/>
</testsuite> <!-- org.testing.TestScripts.TC7_GetAllReqOnline -->
