<?xml version="1.0" encoding="UTF-8"?>
<!-- Generated by org.testng.reporters.JUnitReportReporter -->
<testsuite name="org.testing.TestScripts.TC1_PostRequest" tests="1" time="2.239" ignored="0" failures="0" timestamp="22 Apr 2024 14:56:54 GMT" skipped="0" hostname="DESKTOP-AVN6NAM" errors="0">
  <testcase name="TC1" time="2.239" classname="org.testing.TestScripts.TC1_PostRequest"/>
</testsuite> <!-- org.testing.TestScripts.TC1_PostRequest -->
